2025-09-10 02:50:58,171 [INFO] Activator:176 - 


2025-09-10 02:50:58,174 [INFO] Activator:177 - !SESSION log4j initialized
2025-09-10 02:51:00,537 [INFO] LogOutputStream:77 - [STDOUT_REDIRECT] 
2025-09-10 02:51:02,447 [INFO] ApplicationProperties:184 - Using Application install path: C:\ST\STM32CubeIDE_1.17.0\STM32CubeIDE\plugins\com.st.stm32cube.common.mx_6.15.0.202507011659
2025-09-10 02:51:02,466 [INFO] DbMcusXml:78 - Set database path to: C:\ST\STM32CubeIDE_1.17.0\STM32CubeIDE\plugins\com.st.stm32cube.common.mx_6.15.0.202507011659\\db\/mcu/
2025-09-10 02:51:02,467 [INFO] ApiDb:274 - Set plugin database path to: C:\ST\STM32CubeIDE_1.17.0\STM32CubeIDE\plugins\com.st.stm32cube.common.mx_6.15.0.202507011659\\db\/plugins/boardmanager/
2025-09-10 02:51:02,468 [WARN] ApiDb:259 - Overriding images path with different value:  => C:\ST\STM32CubeIDE_1.17.0\STM32CubeIDE\plugins\com.st.stm32cube.common.mx_6.15.0.202507011659\\db\/plugins/mcufinder/images/
2025-09-10 02:51:02,476 [INFO] ApiDb:250 - Set database path to: C:\Users\sunny\.stmcufinder\plugins\mcufinder//mcu/
2025-09-10 02:51:02,478 [INFO] DbMcusAds:125 - Set database path to: C:\Users\sunny\.stmcufinder\plugins\mcufinder//mcu/
2025-09-10 02:51:02,481 [INFO] CrossReferenceDbSqlite:203 - Set database path to: C:\Users\sunny\.stmcufinder\plugins\mcufinder//mcu/cs/
2025-09-10 02:51:02,633 [INFO] RulesReader:64 - Compatibility file has been processed (317 Rules)
2025-09-10 02:51:02,752 [INFO] DbMcusXml:78 - Set database path to: C:\ST\STM32CubeIDE_1.17.0\STM32CubeIDE\plugins\com.st.stm32cube.common.mx_6.15.0.202507011659\\db\/mcu/
2025-09-10 02:51:02,753 [INFO] ApiDb:274 - Set plugin database path to: C:\ST\STM32CubeIDE_1.17.0\STM32CubeIDE\plugins\com.st.stm32cube.common.mx_6.15.0.202507011659\\db\/plugins/boardmanager/
2025-09-10 02:51:02,753 [INFO] ApiDb:261 - Set plugin images path to: C:\ST\STM32CubeIDE_1.17.0\STM32CubeIDE\plugins\com.st.stm32cube.common.mx_6.15.0.202507011659\\db\/plugins/mcufinder/images/
2025-09-10 02:51:02,753 [WARN] DbFile:41 - Overriding database path with different value: C:\Users\sunny\.stmcufinder\plugins\mcufinder/ => C:\Users\sunny\.stmcufinder\plugins\mcufinder
2025-09-10 02:51:02,753 [INFO] ApiDb:250 - Set database path to: C:\Users\sunny\.stmcufinder\plugins\mcufinder//mcu/
2025-09-10 02:51:02,753 [WARN] DbFile:41 - Overriding database path with different value: C:\Users\sunny\.stmcufinder\plugins\mcufinder/ => C:\Users\sunny\.stmcufinder\plugins\mcufinder
2025-09-10 02:51:02,753 [INFO] DbMcusAds:125 - Set database path to: C:\Users\sunny\.stmcufinder\plugins\mcufinder//mcu/
2025-09-10 02:51:02,753 [WARN] DbFile:41 - Overriding database path with different value: C:\Users\sunny\.stmcufinder\plugins\mcufinder/ => C:\Users\sunny\.stmcufinder\plugins\mcufinder
2025-09-10 02:51:02,753 [WARN] DbFile:41 - Overriding database path with different value: C:\Users\sunny\.stmcufinder\plugins\mcufinder/ => C:\Users\sunny\.stmcufinder\plugins\mcufinder
2025-09-10 02:51:02,753 [INFO] CrossReferenceDbSqlite:203 - Set database path to: C:\Users\sunny\.stmcufinder\plugins\mcufinder//mcu/cs/
2025-09-10 02:51:02,850 [INFO] MainPanel:274 - HeapMemory: 268435456
2025-09-10 02:51:02,993 [INFO] DbMcusXml:78 - Set database path to: C:\ST\STM32CubeIDE_1.17.0\STM32CubeIDE\plugins\com.st.stm32cube.common.mx_6.15.0.202507011659\\db\/mcu/
2025-09-10 02:51:02,993 [INFO] ApiDb:274 - Set plugin database path to: C:\ST\STM32CubeIDE_1.17.0\STM32CubeIDE\plugins\com.st.stm32cube.common.mx_6.15.0.202507011659\\db\/plugins/boardmanager/
2025-09-10 02:51:02,993 [INFO] ApiDb:261 - Set plugin images path to: C:\ST\STM32CubeIDE_1.17.0\STM32CubeIDE\plugins\com.st.stm32cube.common.mx_6.15.0.202507011659\\db\/plugins/mcufinder/images/
2025-09-10 02:51:02,994 [WARN] DbFile:41 - Overriding database path with different value: C:\Users\sunny\.stmcufinder\plugins\mcufinder/ => C:\Users\sunny\.stmcufinder\plugins\mcufinder
2025-09-10 02:51:02,994 [INFO] ApiDb:250 - Set database path to: C:\Users\sunny\.stmcufinder\plugins\mcufinder//mcu/
2025-09-10 02:51:02,994 [WARN] DbFile:41 - Overriding database path with different value: C:\Users\sunny\.stmcufinder\plugins\mcufinder/ => C:\Users\sunny\.stmcufinder\plugins\mcufinder
2025-09-10 02:51:02,994 [INFO] DbMcusAds:125 - Set database path to: C:\Users\sunny\.stmcufinder\plugins\mcufinder//mcu/
2025-09-10 02:51:02,994 [WARN] DbFile:41 - Overriding database path with different value: C:\Users\sunny\.stmcufinder\plugins\mcufinder/ => C:\Users\sunny\.stmcufinder\plugins\mcufinder
2025-09-10 02:51:02,995 [WARN] DbFile:41 - Overriding database path with different value: C:\Users\sunny\.stmcufinder\plugins\mcufinder/ => C:\Users\sunny\.stmcufinder\plugins\mcufinder
2025-09-10 02:51:02,995 [INFO] CrossReferenceDbSqlite:203 - Set database path to: C:\Users\sunny\.stmcufinder\plugins\mcufinder//mcu/cs/
2025-09-10 02:51:03,025 [INFO] ApplicationProperties:184 - Using Application install path: C:\ST\STM32CubeIDE_1.17.0\STM32CubeIDE\plugins\com.st.stm32cube.common.mx_6.15.0.202507011659
2025-09-10 02:51:03,027 [INFO] PluginManage:196 - Search for loadable plugins [exclusion list=, ]
2025-09-10 02:51:03,029 [INFO] PluginManage:310 - Check plugin analytics
2025-09-10 02:51:03,292 [INFO] AnalyticsPlugin:253 - Accepted Software Licenses: 
2025-09-10 02:51:03,292 [INFO] AnalyticsPlugin:255 - Accepted CMSIS Pack Licenses: 
2025-09-10 02:51:03,293 [INFO] AnalyticsPlugin:257 - Accepted Firmware Licenses: 
2025-09-10 02:51:03,297 [INFO] PluginManage:359 - Loaded plugin analytics (category:tool,tabindex:-1)
2025-09-10 02:51:03,298 [INFO] PluginManage:310 - Check plugin cadmodel
2025-09-10 02:51:03,304 [INFO] CADModel:105 - Init CAD model plugin
2025-09-10 02:51:03,305 [INFO] PluginManage:359 - Loaded plugin cadmodel (category:power,tabindex:5)
2025-09-10 02:51:03,305 [INFO] PluginManage:310 - Check plugin clock
2025-09-10 02:51:03,317 [INFO] PluginManage:359 - Loaded plugin clock (category:base,tabindex:2)
2025-09-10 02:51:03,317 [INFO] PluginManage:310 - Check plugin ddr
2025-09-10 02:51:03,320 [INFO] PluginManage:359 - Loaded plugin ddr (category:tool,tabindex:6)
2025-09-10 02:51:03,320 [INFO] PluginManage:310 - Check plugin filemanager
2025-09-10 02:51:03,533 [INFO] PluginManage:359 - Loaded plugin filemanager (category:base,tabindex:10)
2025-09-10 02:51:03,533 [INFO] PluginManage:310 - Check plugin ipmanager
2025-09-10 02:51:03,544 [INFO] PluginManage:359 - Loaded plugin ipmanager (category:base,tabindex:5)
2025-09-10 02:51:03,544 [INFO] PluginManage:310 - Check plugin lpbam
2025-09-10 02:51:03,553 [INFO] PluginManage:359 - Loaded plugin lpbam (category:base,tabindex:0)
2025-09-10 02:51:03,553 [INFO] PluginManage:310 - Check plugin memorymap
2025-09-10 02:51:03,572 [INFO] PluginManage:359 - Loaded plugin memorymap (category:base,tabindex:4)
2025-09-10 02:51:03,572 [INFO] PluginManage:310 - Check plugin pinoutandconfiguration
2025-09-10 02:51:03,583 [INFO] PluginManage:359 - Loaded plugin pinoutandconfiguration (category:base,tabindex:1)
2025-09-10 02:51:03,583 [INFO] PluginManage:310 - Check plugin pinoutconfig
2025-09-10 02:51:03,711 [WARN] SupportedApi:132 - Cannot load RTOS API schema: s4s-elt-must-match.1: The content of 'definitions' must match (annotation?, (simpleType | complexType)?, (unique | key | keyref)*)). A problem was found starting at: attribute.
2025-09-10 02:51:03,871 [INFO] PluginManage:359 - Loaded plugin pinoutconfig (category:base,tabindex:0)
2025-09-10 02:51:03,871 [INFO] PluginManage:310 - Check plugin power
2025-09-10 02:51:03,881 [INFO] PluginManage:359 - Loaded plugin power (category:power,tabindex:4)
2025-09-10 02:51:03,881 [INFO] PluginManage:310 - Check plugin projectmanager
2025-09-10 02:51:03,902 [INFO] PluginManage:359 - Loaded plugin projectmanager (category:projectmanager,tabindex:4)
2025-09-10 02:51:03,902 [INFO] PluginManage:310 - Check plugin rif
2025-09-10 02:51:03,916 [INFO] PluginManage:359 - Loaded plugin rif (category:base,tabindex:3)
2025-09-10 02:51:03,917 [INFO] PluginManage:310 - Check plugin thirdparty
2025-09-10 02:51:04,082 [INFO] PluginManage:359 - Loaded plugin thirdparty (category:base,tabindex:-1)
2025-09-10 02:51:04,082 [WARN] IntegrityCheckThread:84 - waiting for thirdparty lock release [integrity check]
2025-09-10 02:51:04,082 [INFO] PluginManage:310 - Check plugin tools
2025-09-10 02:51:04,082 [INFO] IntegrityCheckThread:86 - entering critical section [integrity check]
2025-09-10 02:51:04,083 [INFO] ThirdPartyUpdaterWithRetryManager:70 - Updater plugin not ready yet. [1/15]
2025-09-10 02:51:04,086 [INFO] PluginManage:359 - Loaded plugin tools (category:base,tabindex:7)
2025-09-10 02:51:04,086 [INFO] PluginManage:310 - Check plugin tutovideos
2025-09-10 02:51:04,363 [INFO] PluginManage:359 - Loaded plugin tutovideos (category:base,tabindex:-1)
2025-09-10 02:51:04,363 [INFO] PluginManage:310 - Check plugin updater
2025-09-10 02:51:04,395 [INFO] PluginManage:359 - Loaded plugin updater (category:base,tabindex:12)
2025-09-10 02:51:04,395 [INFO] PluginManage:310 - Check plugin userauth
2025-09-10 02:51:04,400 [INFO] UserAuth:118 - Init User Auth plugin
2025-09-10 02:51:04,402 [INFO] PluginManage:359 - Loaded plugin userauth (category:base,tabindex:14)
2025-09-10 02:51:04,402 [INFO] PluginManage:283 - PluginManage : Loaded plugins [18]
2025-09-10 02:51:04,676 [INFO] PinOutPanel:1589 - setPackage(No Configuration,No Configuration)
2025-09-10 02:51:04,794 [INFO] CADModel:165 - CPN selected for project level
2025-09-10 02:51:04,795 [INFO] CADModel:114 - Register for checkConnection events
2025-09-10 02:51:04,815 [INFO] IPUIPlugin:80 - create IPUIPlugin
2025-09-10 02:51:04,815 [INFO] PluginManager:220 - loadIPPluginJar : add adc
2025-09-10 02:51:04,819 [INFO] IPUIPlugin:80 - create IPUIPlugin
2025-09-10 02:51:04,819 [INFO] PluginManager:220 - loadIPPluginJar : add aes
2025-09-10 02:51:04,823 [INFO] IPUIPlugin:80 - create IPUIPlugin
2025-09-10 02:51:04,823 [INFO] PluginManager:220 - loadIPPluginJar : add can
2025-09-10 02:51:04,826 [INFO] IPUIPlugin:80 - create IPUIPlugin
2025-09-10 02:51:04,826 [INFO] PluginManager:220 - loadIPPluginJar : add comp
2025-09-10 02:51:04,829 [INFO] IPUIPlugin:80 - create IPUIPlugin
2025-09-10 02:51:04,829 [INFO] PluginManager:220 - loadIPPluginJar : add cryp
2025-09-10 02:51:04,834 [INFO] IPUIPlugin:80 - create IPUIPlugin
2025-09-10 02:51:04,834 [INFO] PluginManager:220 - loadIPPluginJar : add ddr_ctrl_phy
2025-09-10 02:51:04,838 [INFO] IPUIPlugin:80 - create IPUIPlugin
2025-09-10 02:51:04,838 [INFO] PluginManager:220 - loadIPPluginJar : add dfsdm
2025-09-10 02:51:04,846 [INFO] IPUIPlugin:80 - create IPUIPlugin
2025-09-10 02:51:04,847 [INFO] PluginManager:220 - loadIPPluginJar : add dma
2025-09-10 02:51:04,850 [INFO] IPUIPlugin:80 - create IPUIPlugin
2025-09-10 02:51:04,851 [INFO] PluginManager:220 - loadIPPluginJar : add dma3
2025-09-10 02:51:04,855 [INFO] IPUIPlugin:80 - create IPUIPlugin
2025-09-10 02:51:04,855 [INFO] PluginManager:220 - loadIPPluginJar : add extmemmanager
2025-09-10 02:51:04,858 [INFO] IPUIPlugin:80 - create IPUIPlugin
2025-09-10 02:51:04,858 [INFO] PluginManager:220 - loadIPPluginJar : add fatfs
2025-09-10 02:51:04,865 [INFO] IPUIPlugin:80 - create IPUIPlugin
2025-09-10 02:51:04,865 [INFO] PluginManager:220 - loadIPPluginJar : add fmc
2025-09-10 02:51:04,871 [INFO] IPUIPlugin:80 - create IPUIPlugin
2025-09-10 02:51:04,873 [INFO] PluginManager:220 - loadIPPluginJar : add freertos
2025-09-10 02:51:04,875 [INFO] IPUIPlugin:80 - create IPUIPlugin
2025-09-10 02:51:04,876 [INFO] PluginManager:220 - loadIPPluginJar : add genericplugin
2025-09-10 02:51:04,879 [INFO] IPUIPlugin:80 - create IPUIPlugin
2025-09-10 02:51:04,879 [INFO] PluginManager:220 - loadIPPluginJar : add gfxmmu
2025-09-10 02:51:04,886 [INFO] IPUIPlugin:80 - create IPUIPlugin
2025-09-10 02:51:04,886 [INFO] PluginManager:220 - loadIPPluginJar : add gic
2025-09-10 02:51:04,892 [INFO] IPUIPlugin:80 - create IPUIPlugin
2025-09-10 02:51:04,893 [INFO] PluginManager:220 - loadIPPluginJar : add gpio
2025-09-10 02:51:04,897 [INFO] IPUIPlugin:80 - create IPUIPlugin
2025-09-10 02:51:04,897 [INFO] PluginManager:220 - loadIPPluginJar : add gtzc
2025-09-10 02:51:04,900 [INFO] IPUIPlugin:80 - create IPUIPlugin
2025-09-10 02:51:04,902 [INFO] PluginManager:220 - loadIPPluginJar : add hash
2025-09-10 02:51:04,905 [INFO] IPUIPlugin:80 - create IPUIPlugin
2025-09-10 02:51:04,905 [INFO] PluginManager:220 - loadIPPluginJar : add i2c
2025-09-10 02:51:04,908 [INFO] IPUIPlugin:80 - create IPUIPlugin
2025-09-10 02:51:04,908 [INFO] PluginManager:220 - loadIPPluginJar : add i2s
2025-09-10 02:51:04,912 [INFO] IPUIPlugin:80 - create IPUIPlugin
2025-09-10 02:51:04,912 [INFO] PluginManager:220 - loadIPPluginJar : add i3c
2025-09-10 02:51:04,916 [INFO] IPUIPlugin:80 - create IPUIPlugin
2025-09-10 02:51:04,917 [INFO] PluginManager:220 - loadIPPluginJar : add ipddr
2025-09-10 02:51:04,925 [INFO] IPUIPlugin:80 - create IPUIPlugin
2025-09-10 02:51:04,925 [INFO] PluginManager:220 - loadIPPluginJar : add linkedlist
2025-09-10 02:51:04,931 [INFO] IPUIPlugin:80 - create IPUIPlugin
2025-09-10 02:51:04,933 [INFO] PluginManager:220 - loadIPPluginJar : add lorawan
2025-09-10 02:51:04,934 [INFO] IPUIPlugin:80 - create IPUIPlugin
2025-09-10 02:51:04,934 [INFO] PluginManager:220 - loadIPPluginJar : add ltdc
2025-09-10 02:51:04,941 [INFO] IPUIPlugin:80 - create IPUIPlugin
2025-09-10 02:51:04,941 [INFO] PluginManager:220 - loadIPPluginJar : add mdma
2025-09-10 02:51:04,946 [INFO] IPUIPlugin:80 - create IPUIPlugin
2025-09-10 02:51:04,946 [INFO] PluginManager:220 - loadIPPluginJar : add nvic
2025-09-10 02:51:04,950 [INFO] IPUIPlugin:80 - create IPUIPlugin
2025-09-10 02:51:04,950 [INFO] PluginManager:220 - loadIPPluginJar : add opamp
2025-09-10 02:51:04,954 [INFO] IPUIPlugin:80 - create IPUIPlugin
2025-09-10 02:51:04,954 [INFO] PluginManager:220 - loadIPPluginJar : add openamp
2025-09-10 02:51:04,959 [INFO] IPUIPlugin:80 - create IPUIPlugin
2025-09-10 02:51:04,959 [INFO] PluginManager:220 - loadIPPluginJar : add pdm2pcm
2025-09-10 02:51:04,966 [INFO] IPUIPlugin:80 - create IPUIPlugin
2025-09-10 02:51:04,969 [INFO] PluginManager:220 - loadIPPluginJar : add plateformsettings
2025-09-10 02:51:04,972 [INFO] IPUIPlugin:80 - create IPUIPlugin
2025-09-10 02:51:04,972 [INFO] PluginManager:220 - loadIPPluginJar : add quadspi
2025-09-10 02:51:04,975 [INFO] IPUIPlugin:80 - create IPUIPlugin
2025-09-10 02:51:04,976 [INFO] PluginManager:220 - loadIPPluginJar : add radio
2025-09-10 02:51:04,982 [INFO] IPUIPlugin:80 - create IPUIPlugin
2025-09-10 02:51:04,982 [INFO] PluginManager:220 - loadIPPluginJar : add resmgrutility
2025-09-10 02:51:04,986 [INFO] IPUIPlugin:80 - create IPUIPlugin
2025-09-10 02:51:04,986 [INFO] PluginManager:220 - loadIPPluginJar : add sai
2025-09-10 02:51:04,990 [INFO] IPUIPlugin:80 - create IPUIPlugin
2025-09-10 02:51:04,990 [INFO] PluginManager:220 - loadIPPluginJar : add spi
2025-09-10 02:51:04,999 [INFO] IPUIPlugin:80 - create IPUIPlugin
2025-09-10 02:51:04,999 [INFO] PluginManager:220 - loadIPPluginJar : add stm32_wpan
2025-09-10 02:51:05,001 [INFO] IPUIPlugin:80 - create IPUIPlugin
2025-09-10 02:51:05,002 [INFO] PluginManager:220 - loadIPPluginJar : add tim
2025-09-10 02:51:05,007 [INFO] IPUIPlugin:80 - create IPUIPlugin
2025-09-10 02:51:05,007 [INFO] PluginManager:220 - loadIPPluginJar : add touchsensing
2025-09-10 02:51:05,010 [INFO] IPUIPlugin:80 - create IPUIPlugin
2025-09-10 02:51:05,010 [INFO] PluginManager:220 - loadIPPluginJar : add tracer_emb
2025-09-10 02:51:05,013 [INFO] IPUIPlugin:80 - create IPUIPlugin
2025-09-10 02:51:05,013 [INFO] PluginManager:220 - loadIPPluginJar : add ts
2025-09-10 02:51:05,015 [INFO] IPUIPlugin:80 - create IPUIPlugin
2025-09-10 02:51:05,016 [INFO] PluginManager:220 - loadIPPluginJar : add tsc
2025-09-10 02:51:05,019 [INFO] IPUIPlugin:80 - create IPUIPlugin
2025-09-10 02:51:05,019 [INFO] PluginManager:220 - loadIPPluginJar : add ucpd
2025-09-10 02:51:05,024 [INFO] IPUIPlugin:80 - create IPUIPlugin
2025-09-10 02:51:05,024 [INFO] PluginManager:220 - loadIPPluginJar : add usart
2025-09-10 02:51:05,029 [INFO] IPUIPlugin:80 - create IPUIPlugin
2025-09-10 02:51:05,029 [INFO] PluginManager:220 - loadIPPluginJar : add usbx
2025-09-10 02:51:05,187 [FATAL] Updater:351 - Updater called before beeing initialized
2025-09-10 02:51:05,233 [INFO] RulesReader:64 - Compatibility file has been processed (317 Rules)
2025-09-10 02:51:05,251 [INFO] RulesReader:64 - Compatibility file has been processed (317 Rules)
2025-09-10 02:51:05,261 [INFO] CADModel:165 - CPN selected for project level
2025-09-10 02:51:05,261 [INFO] CADModel:114 - Register for checkConnection events
2025-09-10 02:51:05,261 [FATAL] Updater:351 - Updater called before beeing initialized
2025-09-10 02:51:05,261 [ERROR] CADModel:125 - Updater not yet initialized, retry later 
2025-09-10 02:51:05,431 [FATAL] Updater:351 - Updater called before beeing initialized
2025-09-10 02:51:05,434 [INFO] CADModel:165 - CPN selected for project level
2025-09-10 02:51:05,434 [INFO] CADModel:114 - Register for checkConnection events
2025-09-10 02:51:05,434 [FATAL] Updater:351 - Updater called before beeing initialized
2025-09-10 02:51:05,434 [ERROR] CADModel:125 - Updater not yet initialized, retry later 
2025-09-10 02:51:05,438 [FATAL] Updater:351 - Updater called before beeing initialized
2025-09-10 02:51:05,585 [FATAL] Updater:351 - Updater called before beeing initialized
2025-09-10 02:51:05,591 [INFO] DbMcusAds:53 - JSON generation date=Tue Jul 08 17:14:23 KST 2025 (1751962463582)
2025-09-10 02:51:05,591 [FATAL] Updater:351 - Updater called before beeing initialized
2025-09-10 02:51:05,636 [WARN] DetailPanel:346 - Failed to get advertising image, set to default
2025-09-10 02:51:05,773 [FATAL] Updater:351 - Updater called before beeing initialized
2025-09-10 02:51:05,776 [FATAL] Updater:351 - Updater called before beeing initialized
2025-09-10 02:51:05,776 [FATAL] Updater:351 - Updater called before beeing initialized
2025-09-10 02:51:05,776 [WARN] DetailPanel:346 - Failed to get advertising image, set to default
2025-09-10 02:51:05,777 [FATAL] Updater:351 - Updater called before beeing initialized
2025-09-10 02:51:05,834 [ERROR] Updater:1198 - MainUpdater not yet initialized. External WinMGr cannot be set.
2025-09-10 02:51:05,837 [INFO] Updater:1134 - Updater Version found : 6.15.0
2025-09-10 02:51:05,860 [INFO] ApplicationProperties:184 - Using Application install path: C:\ST\STM32CubeIDE_1.17.0\STM32CubeIDE\plugins\com.st.stm32cube.common.mx_6.15.0.202507011659
2025-09-10 02:51:07,085 [INFO] ThirdPartyUpdaterWithRetryManager:70 - Updater plugin not ready yet. [2/15]
2025-09-10 02:51:07,445 [ERROR] LogOutputStream:75 - [STDERR_REDIRECT] Sep 10, 2025 2:51:07 AM java.util.prefs.WindowsPreferences <init>
2025-09-10 02:51:07,447 [ERROR] LogOutputStream:75 - [STDERR_REDIRECT] WARNING: Could not open/create prefs root node Software\JavaSoft\Prefs at root 0xffffffff80000002. Windows RegCreateKeyEx(...) returned error code 5.
2025-09-10 02:51:07,447 [ERROR] LogOutputStream:75 - [STDERR_REDIRECT] 
2025-09-10 02:51:07,824 [INFO] MainUpdater:2872 - connection check result : 10
2025-09-10 02:51:07,825 [INFO] MainUpdater:289 - Updater Check For Update Now.
2025-09-10 02:51:07,825 [INFO] MicroXplorer:498 - Change Database Version : DB.6.0.150
2025-09-10 02:51:07,834 [INFO] McuFinderGlobals:63 - Set McuFinder mode to 2 (CubeIDE integrated)
2025-09-10 02:51:07,835 [INFO] UserAuth:171 - activating auth plugin
2025-09-10 02:51:07,837 [INFO] UserAuth:487 - Internet connection configuration mode: 1
2025-09-10 02:51:07,856 [INFO] JxBrowserEngine:152 - Initiate JxBrowser Engine with user profile folder
2025-09-10 02:51:08,008 [INFO] CheckServerUpdateThread:120 - End of CheckServer Thread
2025-09-10 02:51:08,641 [INFO] WebApp:169 - Instantiating new browser for Auth
2025-09-10 02:51:09,327 [INFO] WebApp:463 - Apply proxy settings
2025-09-10 02:51:09,335 [INFO] WebApp:508 - Chromium authenticates against Manually configured proxy
2025-09-10 02:51:09,342 [INFO] WebApp:516 - Username used for proxy authentication: 
2025-09-10 02:51:09,365 [INFO] WebApp:900 - Register for checkConnection events
2025-09-10 02:51:09,365 [INFO] WebApp:463 - Apply proxy settings
2025-09-10 02:51:09,370 [INFO] WebApp:508 - Chromium authenticates against Manually configured proxy
2025-09-10 02:51:09,370 [INFO] WebApp:516 - Username used for proxy authentication: 
2025-09-10 02:51:09,488 [INFO] WebApp:225 - Starting web application
2025-09-10 02:51:09,489 [INFO] WebApp:593 - Web application path used C:\ST\STM32CubeIDE_1.17.0\STM32CubeIDE\plugins\com.st.stm32cube.common.mx_6.15.0.202507011659\db\plugins\mcufinder\reactClient1\index.html
2025-09-10 02:51:09,764 [INFO] WebApp:191 - Connection restablished
2025-09-10 02:51:10,371 [WARN] PackLoader:240 - Cannot read IP mode file for STMicroelectronics.FP-SNS-MOTENVWB1.1.4.0
2025-09-10 02:51:10,380 [WARN] PackLoader:240 - Cannot read IP mode file for STMicroelectronics.FP-ATR-ASTRA1.2.0.2
2025-09-10 02:51:10,384 [WARN] PackLoader:240 - Cannot read IP mode file for STMicroelectronics.FP-ATR-ASTRA1.2.0.1
2025-09-10 02:51:10,396 [WARN] PackLoader:240 - Cannot read IP mode file for STMicroelectronics.X-CUBE-SMBUS.2.1.0
2025-09-10 02:51:10,406 [WARN] PackLoader:240 - Cannot read IP mode file for STMicroelectronics.X-CUBE-WB05N.1.1.0
2025-09-10 02:51:10,412 [WARN] PackLoader:240 - Cannot read IP mode file for STMicroelectronics.X-CUBE-ST60.1.0.0
2025-09-10 02:51:10,437 [WARN] PackLoader:240 - Cannot read IP mode file for STMicroelectronics.X-CUBE-AZRTOS-F7.1.1.0
2025-09-10 02:51:10,446 [WARN] PackLoader:240 - Cannot read IP mode file for STMicroelectronics.FP-SNS-FLIGHT1.5.0.2
2025-09-10 02:51:10,480 [WARN] PackLoader:240 - Cannot read IP mode file for Infineon.AIROC-Wi-Fi-Bluetooth-STM32.1.7.0
2025-09-10 02:51:10,514 [WARN] PackLoader:240 - Cannot read IP mode file for STMicroelectronics.X-CUBE-AZRTOS-H7.3.4.0
2025-09-10 02:51:10,526 [WARN] PackLoader:240 - Cannot read IP mode file for STMicroelectronics.X-CUBE-DISPLAY.3.0.0
2025-09-10 02:51:10,539 [WARN] PackLoader:240 - Cannot read IP mode file for STMicroelectronics.X-CUBE-BLE1.7.0.0
2025-09-10 02:51:10,554 [WARN] PackLoader:240 - Cannot read IP mode file for STMicroelectronics.X-CUBE-NFC10.1.0.0
2025-09-10 02:51:10,568 [WARN] PackLoader:240 - Cannot read IP mode file for STMicroelectronics.X-CUBE-BLEMGR.4.0.0
2025-09-10 02:51:10,578 [WARN] PackLoader:240 - Cannot read IP mode file for emotas.I-CUBE-CANOPEN.1.3.0
2025-09-10 02:51:10,584 [WARN] PackLoader:240 - Cannot read IP mode file for STMicroelectronics.X-CUBE-AI.10.0.0
2025-09-10 02:51:10,591 [WARN] PackLoader:240 - Cannot read IP mode file for STMicroelectronics.FP-SNS-STBOX1.2.1.0
2025-09-10 02:51:10,598 [WARN] PackLoader:240 - Cannot read IP mode file for STMicroelectronics.FP-SNS-SMARTAG2.1.2.0
2025-09-10 02:51:10,602 [WARN] PackLoader:240 - Cannot read IP mode file for STMicroelectronics.FP-SNS-FLIGHT1.5.1.0
2025-09-10 02:51:10,637 [WARN] PackLoader:240 - Cannot read IP mode file for STMicroelectronics.X-CUBE-MEMS1.11.1.0
2025-09-10 02:51:10,744 [INFO] LogOutputStream:77 - [STDOUT_REDIRECT] 1 : Invalid condition id : UX_CORESTACK_Condition cause : null
2025-09-10 02:51:10,744 [INFO] LogOutputStream:77 - [STDOUT_REDIRECT] 1 : Invalid condition id : UX_CORESTACK_Condition cause : null
2025-09-10 02:51:10,745 [INFO] LogOutputStream:77 - [STDOUT_REDIRECT] 1 : Invalid condition id : UX_CORESTACK_Condition cause : null
2025-09-10 02:51:10,745 [INFO] LogOutputStream:77 - [STDOUT_REDIRECT] 1 : Invalid condition id : UX_CORESTACK_Condition cause : null
2025-09-10 02:51:10,747 [INFO] LogOutputStream:77 - [STDOUT_REDIRECT] 1 : Invalid condition id : UX_CORESTACK_Condition cause : null
2025-09-10 02:51:10,748 [WARN] PackLoader:240 - Cannot read IP mode file for STMicroelectronics.X-CUBE-AZRTOS-WL.2.0.0
2025-09-10 02:51:10,753 [WARN] PackLoader:240 - Cannot read IP mode file for STMicroelectronics.FP-SNS-MOTENV1.5.0.0
2025-09-10 02:51:10,763 [WARN] PackLoader:240 - Cannot read IP mode file for wolfSSL.I-CUBE-wolfMQTT.1.19.0
2025-09-10 02:51:10,772 [WARN] PackLoader:240 - Cannot read IP mode file for WES.I-CUBE-Cesium.1.3.0
2025-09-10 02:51:10,779 [WARN] PackLoader:240 - Cannot read IP mode file for STMicroelectronics.X-CUBE-BLE2.3.3.0
2025-09-10 02:51:10,787 [WARN] PackLoader:240 - Cannot read IP mode file for STMicroelectronics.X-CUBE-NFC9.1.0.0
2025-09-10 02:51:10,793 [WARN] PackLoader:240 - Cannot read IP mode file for STMicroelectronics.X-CUBE-BLE1.7.1.0
2025-09-10 02:51:10,801 [WARN] PackLoader:240 - Cannot read IP mode file for STMicroelectronics.X-CUBE-EEPRMA1.5.2.0
2025-09-10 02:51:10,807 [WARN] PackLoader:240 - Cannot read IP mode file for STMicroelectronics.X-CUBE-AI.10.1.0
2025-09-10 02:51:10,872 [WARN] PackLoader:240 - Cannot read IP mode file for STMicroelectronics.X-CUBE-MEMS1.11.2.0
2025-09-10 02:51:10,956 [WARN] PackLoader:240 - Cannot read IP mode file for STMicroelectronics.X-CUBE-AZRTOS-G0.1.1.0
2025-09-10 02:51:10,962 [WARN] PackLoader:240 - Cannot read IP mode file for STMicroelectronics.X-CUBE-SAFEA1.1.2.2
2025-09-10 02:51:10,966 [WARN] PackLoader:240 - Cannot read IP mode file for STMicroelectronics.X-CUBE-NFC4.3.0.0
2025-09-10 02:51:10,975 [WARN] PackLoader:240 - Cannot read IP mode file for EmbeddedOffice.I-CUBE-FS-RTOS.1.0.1
2025-09-10 02:51:10,987 [WARN] PackLoader:240 - Cannot read IP mode file for STMicroelectronics.X-CUBE-WB05N.2.0.0
2025-09-10 02:51:10,992 [WARN] PackLoader:240 - Cannot read IP mode file for STMicroelectronics.X-CUBE-TCPP.4.2.0
2025-09-10 02:51:10,997 [WARN] PackLoader:240 - Cannot read IP mode file for RealThread.X-CUBE-RT-Thread_Nano.4.1.1
2025-09-10 02:51:11,001 [WARN] PackLoader:240 - Cannot read IP mode file for STMicroelectronics.FP-ATR-SIGFOX1.3.2.0
2025-09-10 02:51:11,005 [WARN] ConditionMgr:438 - getConditionDescription Invalid condition id : Cortex-A Device cause : null
2025-09-10 02:51:11,027 [WARN] ConditionMgr:1044 - genDependencies : Invalid condition id : Cortex-A Device cause : null
2025-09-10 02:51:11,027 [WARN] ConditionMgr:1044 - genDependencies : Invalid condition id : Cortex-A Device cause : null
2025-09-10 02:51:11,027 [WARN] ConditionMgr:1044 - genDependencies : Invalid condition id : Cortex-A Device cause : null
2025-09-10 02:51:11,031 [WARN] PackLoader:240 - Cannot read IP mode file for STMicroelectronics.X-CUBE-EEPRMA1.5.1.0
2025-09-10 02:51:11,036 [WARN] PackLoader:240 - Cannot read IP mode file for wolfSSL.I-CUBE-wolfSSL.5.7.4
2025-09-10 02:51:11,041 [WARN] PackLoader:240 - Cannot read IP mode file for ITTIA_DB.I-CUBE-ITTIADB.8.9.0
2025-09-10 02:51:11,046 [WARN] PackLoader:240 - Cannot read IP mode file for STMicroelectronics.X-CUBE-ST67W61.1.0.0
2025-09-10 02:51:11,050 [WARN] PackLoader:240 - Cannot read IP mode file for STMicroelectronics.X-CUBE-AI.10.2.0
2025-09-10 02:51:11,078 [WARN] PackLoader:240 - Cannot read IP mode file for SEGGER.I-CUBE-embOS.1.3.1
2025-09-10 02:51:11,121 [WARN] PackLoader:240 - Cannot read IP mode file for STMicroelectronics.X-CUBE-ALGOBUILD.1.4.0
2025-09-10 02:51:11,164 [WARN] PackLoader:240 - Cannot read IP mode file for STMicroelectronics.X-CUBE-MEMS1.11.3.0
2025-09-10 02:51:11,349 [WARN] PackLoader:240 - Cannot read IP mode file for STMicroelectronics.X-CUBE-AI.9.1.0
2025-09-10 02:51:11,354 [WARN] PackLoader:240 - Cannot read IP mode file for STMicroelectronics.X-CUBE-PM33A1.1.0.0
2025-09-10 02:51:11,367 [WARN] PackLoader:240 - Cannot read IP mode file for STMicroelectronics.X-CUBE-AZRTOS-F4.1.1.0
2025-09-10 02:51:11,376 [WARN] PackLoader:240 - Cannot read IP mode file for Avnet-IotConnect.X-CUBE-IoTC-DA16k-PMOD.1.0.0
2025-09-10 02:51:11,380 [WARN] PackLoader:240 - Cannot read IP mode file for STMicroelectronics.X-CUBE-ISPU.2.1.0
2025-09-10 02:51:11,386 [WARN] PackLoader:240 - Cannot read IP mode file for STMicroelectronics.X-CUBE-NFC12.1.0.0
2025-09-10 02:51:11,409 [WARN] PackLoader:240 - Cannot read IP mode file for STMicroelectronics.X-CUBE-AZRTOS-L5.2.0.0
2025-09-10 02:51:11,421 [WARN] PackLoader:240 - Cannot read IP mode file for STMicroelectronics.X-CUBE-NFC6.3.1.0
2025-09-10 02:51:11,429 [WARN] PackLoader:240 - Cannot read IP mode file for STMicroelectronics.X-CUBE-DPower.1.2.0
2025-09-10 02:51:11,434 [WARN] PackLoader:240 - Cannot read IP mode file for STMicroelectronics.X-CUBE-FREERTOS.1.3.1
2025-09-10 02:51:11,439 [WARN] PackLoader:240 - Cannot read IP mode file for STMicroelectronics.X-CUBE-FREERTOS.1.3.0
2025-09-10 02:51:11,453 [WARN] PackLoader:240 - Cannot read IP mode file for STMicroelectronics.X-CUBE-NFC7.1.0.1
2025-09-10 02:51:11,460 [WARN] PackLoader:240 - Cannot read IP mode file for STMicroelectronics.FP-SNS-STAIOTCFT.1.0.0
2025-09-10 02:51:11,466 [WARN] PackLoader:240 - Cannot read IP mode file for STMicroelectronics.X-CUBE-DPower.1.3.0
2025-09-10 02:51:11,483 [WARN] ConditionMgr:438 - getConditionDescription Invalid condition id : LAN8742 Phy interface Condition cause : null
2025-09-10 02:51:11,483 [WARN] PackLoader:240 - Cannot read IP mode file for STMicroelectronics.X-CUBE-AZRTOS-L4.2.0.0
2025-09-10 02:51:11,484 [WARN] ConditionMgr:1044 - genDependencies : Invalid condition id : LAN8742 Phy interface Condition cause : null
2025-09-10 02:51:11,485 [WARN] ConditionMgr:1044 - genDependencies : Invalid condition id : LAN8742 Phy interface Condition cause : null
2025-09-10 02:51:11,485 [WARN] ConditionMgr:1044 - genDependencies : Invalid condition id : LAN8742 Phy interface Condition cause : null
2025-09-10 02:51:11,494 [WARN] PackLoader:240 - Cannot read IP mode file for STMicroelectronics.X-CUBE-SFXS2LP1.4.0.0
2025-09-10 02:51:11,509 [WARN] PackLoader:240 - Cannot read IP mode file for STMicroelectronics.X-CUBE-AZRTOS-H7.3.3.0
2025-09-10 02:51:11,523 [WARN] PackLoader:240 - Cannot read IP mode file for STMicroelectronics.X-CUBE-BLEMGR.4.1.0
2025-09-10 02:51:11,560 [WARN] ConditionMgr:438 - getConditionDescription Invalid condition id : UX DEVICE CLASS RTOS Condition cause : null
2025-09-10 02:51:11,560 [WARN] ConditionMgr:438 - getConditionDescription Invalid condition id : UX DEVICE CLASS RTOS Condition cause : null
2025-09-10 02:51:11,562 [WARN] PackLoader:240 - Cannot read IP mode file for STMicroelectronics.X-CUBE-AZRTOS-WB.2.0.0
2025-09-10 02:51:11,563 [WARN] ConditionMgr:1044 - genDependencies : Invalid condition id : UX DEVICE CLASS RTOS Condition cause : null
2025-09-10 02:51:11,563 [WARN] ConditionMgr:1044 - genDependencies : Invalid condition id : UX DEVICE CLASS RTOS Condition cause : null
2025-09-10 02:51:11,563 [WARN] ConditionMgr:1044 - genDependencies : Invalid condition id : UX DEVICE CLASS RTOS Condition cause : null
2025-09-10 02:51:11,564 [WARN] ConditionMgr:1044 - genDependencies : Invalid condition id : UX DEVICE CLASS RTOS Condition cause : null
2025-09-10 02:51:11,564 [WARN] ConditionMgr:1044 - genDependencies : Invalid condition id : UX DEVICE CLASS RTOS Condition cause : null
2025-09-10 02:51:11,571 [WARN] PackLoader:240 - Cannot read IP mode file for STMicroelectronics.X-CUBE-GNSS1.7.0.1
2025-09-10 02:51:11,580 [WARN] PackLoader:240 - Cannot read IP mode file for STMicroelectronics.X-CUBE-TOUCHGFX.4.25.0
2025-09-10 02:51:11,586 [WARN] PackLoader:240 - Cannot read IP mode file for STMicroelectronics.FP-SNS-STBOX1.2.0.0
2025-09-10 02:51:11,604 [WARN] PackLoader:240 - Cannot read IP mode file for STMicroelectronics.X-CUBE-SUBG2.5.0.0
2025-09-10 02:51:11,646 [WARN] PackLoader:240 - Cannot read IP mode file for STMicroelectronics.X-CUBE-AZRTOS-H7RS.1.1.0
2025-09-10 02:51:11,660 [WARN] PackLoader:240 - Cannot read IP mode file for Cesanta.I-CUBE-Mongoose.7.13.0
2025-09-10 02:51:11,681 [WARN] PackLoader:240 - Cannot read IP mode file for STMicroelectronics.X-CUBE-AZRTOS-G4.2.0.0
2025-09-10 02:51:11,688 [WARN] PackLoader:240 - Cannot read IP mode file for STMicroelectronics.X-CUBE-NFC7.2.0.0
2025-09-10 02:51:11,706 [WARN] PackLoader:240 - Cannot read IP mode file for STMicroelectronics.X-CUBE-IPS.3.1.0
2025-09-10 02:51:11,716 [WARN] PackLoader:240 - Cannot read IP mode file for STMicroelectronics.X-CUBE-ALS.1.0.2
2025-09-10 02:51:11,721 [WARN] PackLoader:240 - Cannot read IP mode file for STMicroelectronics.X-CUBE-TOUCHGFX.4.24.2
2025-09-10 02:51:11,727 [WARN] PackLoader:240 - Cannot read IP mode file for STMicroelectronics.X-CUBE-STSE01.1.0.0
2025-09-10 02:51:11,734 [WARN] PackLoader:240 - Cannot read IP mode file for wolfSSL.I-CUBE-wolfTPM.3.4.0
2025-09-10 02:51:11,742 [WARN] PackLoader:240 - Cannot read IP mode file for portGmbH.I-Cube-SoM-uGOAL.1.1.0
2025-09-10 02:51:11,759 [WARN] PackLoader:240 - Cannot read IP mode file for STMicroelectronics.X-CUBE-AZRTOS-H7RS.1.0.0
2025-09-10 02:51:11,771 [WARN] PackLoader:240 - Cannot read IP mode file for STMicroelectronics.X-CUBE-TOF1.3.4.2
2025-09-10 02:51:11,785 [WARN] PackLoader:240 - Cannot read IP mode file for STMicroelectronics.X-CUBE-TOF1.3.4.3
2025-09-10 02:51:11,798 [WARN] PackLoader:240 - Cannot read IP mode file for wolfSSL.I-CUBE-wolfSSH.1.4.17
2025-09-10 02:51:11,799 [INFO] ThirdParty:978 - Integrity check success = true
2025-09-10 02:51:11,799 [INFO] IntegrityCheckThread:100 - exiting critical section [integrity check]
2025-09-10 02:51:11,799 [INFO] IntegrityCheckThread:103 - End integrity checks thread
2025-09-10 02:55:55,294 [INFO] Activator:176 - 


2025-09-10 02:55:55,296 [INFO] Activator:177 - !SESSION log4j initialized
2025-09-10 02:56:01,526 [INFO] LogOutputStream:77 - [STDOUT_REDIRECT] 
2025-09-10 02:56:02,897 [INFO] ApplicationProperties:184 - Using Application install path: C:\ST\STM32CubeIDE_1.17.0\STM32CubeIDE\plugins\com.st.stm32cube.common.mx_6.15.0.202507011659
2025-09-10 02:56:02,910 [INFO] DbMcusXml:78 - Set database path to: C:\ST\STM32CubeIDE_1.17.0\STM32CubeIDE\plugins\com.st.stm32cube.common.mx_6.15.0.202507011659\\db\/mcu/
2025-09-10 02:56:02,910 [INFO] ApiDb:274 - Set plugin database path to: C:\ST\STM32CubeIDE_1.17.0\STM32CubeIDE\plugins\com.st.stm32cube.common.mx_6.15.0.202507011659\\db\/plugins/boardmanager/
2025-09-10 02:56:02,910 [WARN] ApiDb:259 - Overriding images path with different value:  => C:\ST\STM32CubeIDE_1.17.0\STM32CubeIDE\plugins\com.st.stm32cube.common.mx_6.15.0.202507011659\\db\/plugins/mcufinder/images/
2025-09-10 02:56:02,918 [INFO] ApiDb:250 - Set database path to: C:\Users\sunny\.stmcufinder\plugins\mcufinder//mcu/
2025-09-10 02:56:02,919 [INFO] DbMcusAds:125 - Set database path to: C:\Users\sunny\.stmcufinder\plugins\mcufinder//mcu/
2025-09-10 02:56:02,921 [INFO] CrossReferenceDbSqlite:203 - Set database path to: C:\Users\sunny\.stmcufinder\plugins\mcufinder//mcu/cs/
2025-09-10 02:56:03,036 [INFO] RulesReader:64 - Compatibility file has been processed (317 Rules)
2025-09-10 02:56:03,119 [INFO] DbMcusXml:78 - Set database path to: C:\ST\STM32CubeIDE_1.17.0\STM32CubeIDE\plugins\com.st.stm32cube.common.mx_6.15.0.202507011659\\db\/mcu/
2025-09-10 02:56:03,119 [INFO] ApiDb:274 - Set plugin database path to: C:\ST\STM32CubeIDE_1.17.0\STM32CubeIDE\plugins\com.st.stm32cube.common.mx_6.15.0.202507011659\\db\/plugins/boardmanager/
2025-09-10 02:56:03,120 [INFO] ApiDb:261 - Set plugin images path to: C:\ST\STM32CubeIDE_1.17.0\STM32CubeIDE\plugins\com.st.stm32cube.common.mx_6.15.0.202507011659\\db\/plugins/mcufinder/images/
2025-09-10 02:56:03,120 [WARN] DbFile:41 - Overriding database path with different value: C:\Users\sunny\.stmcufinder\plugins\mcufinder/ => C:\Users\sunny\.stmcufinder\plugins\mcufinder
2025-09-10 02:56:03,120 [INFO] ApiDb:250 - Set database path to: C:\Users\sunny\.stmcufinder\plugins\mcufinder//mcu/
2025-09-10 02:56:03,120 [WARN] DbFile:41 - Overriding database path with different value: C:\Users\sunny\.stmcufinder\plugins\mcufinder/ => C:\Users\sunny\.stmcufinder\plugins\mcufinder
2025-09-10 02:56:03,120 [INFO] DbMcusAds:125 - Set database path to: C:\Users\sunny\.stmcufinder\plugins\mcufinder//mcu/
2025-09-10 02:56:03,120 [WARN] DbFile:41 - Overriding database path with different value: C:\Users\sunny\.stmcufinder\plugins\mcufinder/ => C:\Users\sunny\.stmcufinder\plugins\mcufinder
2025-09-10 02:56:03,120 [WARN] DbFile:41 - Overriding database path with different value: C:\Users\sunny\.stmcufinder\plugins\mcufinder/ => C:\Users\sunny\.stmcufinder\plugins\mcufinder
2025-09-10 02:56:03,120 [INFO] CrossReferenceDbSqlite:203 - Set database path to: C:\Users\sunny\.stmcufinder\plugins\mcufinder//mcu/cs/
2025-09-10 02:56:03,186 [INFO] MainPanel:274 - HeapMemory: 268435456
2025-09-10 02:56:03,254 [INFO] DbMcusXml:78 - Set database path to: C:\ST\STM32CubeIDE_1.17.0\STM32CubeIDE\plugins\com.st.stm32cube.common.mx_6.15.0.202507011659\\db\/mcu/
2025-09-10 02:56:03,254 [INFO] ApiDb:274 - Set plugin database path to: C:\ST\STM32CubeIDE_1.17.0\STM32CubeIDE\plugins\com.st.stm32cube.common.mx_6.15.0.202507011659\\db\/plugins/boardmanager/
2025-09-10 02:56:03,254 [INFO] ApiDb:261 - Set plugin images path to: C:\ST\STM32CubeIDE_1.17.0\STM32CubeIDE\plugins\com.st.stm32cube.common.mx_6.15.0.202507011659\\db\/plugins/mcufinder/images/
2025-09-10 02:56:03,255 [WARN] DbFile:41 - Overriding database path with different value: C:\Users\sunny\.stmcufinder\plugins\mcufinder/ => C:\Users\sunny\.stmcufinder\plugins\mcufinder
2025-09-10 02:56:03,255 [INFO] ApiDb:250 - Set database path to: C:\Users\sunny\.stmcufinder\plugins\mcufinder//mcu/
2025-09-10 02:56:03,255 [WARN] DbFile:41 - Overriding database path with different value: C:\Users\sunny\.stmcufinder\plugins\mcufinder/ => C:\Users\sunny\.stmcufinder\plugins\mcufinder
2025-09-10 02:56:03,255 [INFO] DbMcusAds:125 - Set database path to: C:\Users\sunny\.stmcufinder\plugins\mcufinder//mcu/
2025-09-10 02:56:03,255 [WARN] DbFile:41 - Overriding database path with different value: C:\Users\sunny\.stmcufinder\plugins\mcufinder/ => C:\Users\sunny\.stmcufinder\plugins\mcufinder
2025-09-10 02:56:03,255 [WARN] DbFile:41 - Overriding database path with different value: C:\Users\sunny\.stmcufinder\plugins\mcufinder/ => C:\Users\sunny\.stmcufinder\plugins\mcufinder
2025-09-10 02:56:03,255 [INFO] CrossReferenceDbSqlite:203 - Set database path to: C:\Users\sunny\.stmcufinder\plugins\mcufinder//mcu/cs/
2025-09-10 02:56:03,273 [INFO] ApplicationProperties:184 - Using Application install path: C:\ST\STM32CubeIDE_1.17.0\STM32CubeIDE\plugins\com.st.stm32cube.common.mx_6.15.0.202507011659
2025-09-10 02:56:03,274 [INFO] PluginManage:196 - Search for loadable plugins [exclusion list=, ]
2025-09-10 02:56:03,275 [INFO] PluginManage:310 - Check plugin analytics
2025-09-10 02:56:03,432 [INFO] AnalyticsPlugin:253 - Accepted Software Licenses: 
2025-09-10 02:56:03,433 [INFO] AnalyticsPlugin:255 - Accepted CMSIS Pack Licenses: 
2025-09-10 02:56:03,433 [INFO] AnalyticsPlugin:257 - Accepted Firmware Licenses: 
2025-09-10 02:56:03,435 [INFO] PluginManage:359 - Loaded plugin analytics (category:tool,tabindex:-1)
2025-09-10 02:56:03,435 [INFO] PluginManage:310 - Check plugin cadmodel
2025-09-10 02:56:03,439 [INFO] CADModel:105 - Init CAD model plugin
2025-09-10 02:56:03,439 [INFO] PluginManage:359 - Loaded plugin cadmodel (category:power,tabindex:5)
2025-09-10 02:56:03,440 [INFO] PluginManage:310 - Check plugin clock
2025-09-10 02:56:03,447 [INFO] PluginManage:359 - Loaded plugin clock (category:base,tabindex:2)
2025-09-10 02:56:03,447 [INFO] PluginManage:310 - Check plugin ddr
2025-09-10 02:56:03,449 [INFO] PluginManage:359 - Loaded plugin ddr (category:tool,tabindex:6)
2025-09-10 02:56:03,449 [INFO] PluginManage:310 - Check plugin filemanager
2025-09-10 02:56:03,588 [INFO] PluginManage:359 - Loaded plugin filemanager (category:base,tabindex:10)
2025-09-10 02:56:03,589 [INFO] PluginManage:310 - Check plugin ipmanager
2025-09-10 02:56:03,595 [INFO] PluginManage:359 - Loaded plugin ipmanager (category:base,tabindex:5)
2025-09-10 02:56:03,596 [INFO] PluginManage:310 - Check plugin lpbam
2025-09-10 02:56:03,603 [INFO] PluginManage:359 - Loaded plugin lpbam (category:base,tabindex:0)
2025-09-10 02:56:03,603 [INFO] PluginManage:310 - Check plugin memorymap
2025-09-10 02:56:03,613 [INFO] PluginManage:359 - Loaded plugin memorymap (category:base,tabindex:4)
2025-09-10 02:56:03,613 [INFO] PluginManage:310 - Check plugin pinoutandconfiguration
2025-09-10 02:56:03,621 [INFO] PluginManage:359 - Loaded plugin pinoutandconfiguration (category:base,tabindex:1)
2025-09-10 02:56:03,621 [INFO] PluginManage:310 - Check plugin pinoutconfig
2025-09-10 02:56:03,694 [WARN] SupportedApi:132 - Cannot load RTOS API schema: s4s-elt-must-match.1: The content of 'definitions' must match (annotation?, (simpleType | complexType)?, (unique | key | keyref)*)). A problem was found starting at: attribute.
2025-09-10 02:56:03,803 [INFO] PluginManage:359 - Loaded plugin pinoutconfig (category:base,tabindex:0)
2025-09-10 02:56:03,803 [INFO] PluginManage:310 - Check plugin power
2025-09-10 02:56:03,811 [INFO] PluginManage:359 - Loaded plugin power (category:power,tabindex:4)
2025-09-10 02:56:03,811 [INFO] PluginManage:310 - Check plugin projectmanager
2025-09-10 02:56:03,825 [INFO] PluginManage:359 - Loaded plugin projectmanager (category:projectmanager,tabindex:4)
2025-09-10 02:56:03,825 [INFO] PluginManage:310 - Check plugin rif
2025-09-10 02:56:03,834 [INFO] PluginManage:359 - Loaded plugin rif (category:base,tabindex:3)
2025-09-10 02:56:03,834 [INFO] PluginManage:310 - Check plugin thirdparty
2025-09-10 02:56:03,950 [INFO] PluginManage:359 - Loaded plugin thirdparty (category:base,tabindex:-1)
2025-09-10 02:56:03,950 [WARN] IntegrityCheckThread:84 - waiting for thirdparty lock release [integrity check]
2025-09-10 02:56:03,952 [INFO] PluginManage:310 - Check plugin tools
2025-09-10 02:56:03,952 [INFO] IntegrityCheckThread:86 - entering critical section [integrity check]
2025-09-10 02:56:03,952 [INFO] ThirdPartyUpdaterWithRetryManager:70 - Updater plugin not ready yet. [1/15]
2025-09-10 02:56:03,954 [INFO] PluginManage:359 - Loaded plugin tools (category:base,tabindex:7)
2025-09-10 02:56:03,955 [INFO] PluginManage:310 - Check plugin tutovideos
2025-09-10 02:56:04,115 [INFO] PluginManage:359 - Loaded plugin tutovideos (category:base,tabindex:-1)
2025-09-10 02:56:04,116 [INFO] PluginManage:310 - Check plugin updater
2025-09-10 02:56:04,134 [INFO] PluginManage:359 - Loaded plugin updater (category:base,tabindex:12)
2025-09-10 02:56:04,134 [INFO] PluginManage:310 - Check plugin userauth
2025-09-10 02:56:04,138 [INFO] UserAuth:118 - Init User Auth plugin
2025-09-10 02:56:04,139 [INFO] PluginManage:359 - Loaded plugin userauth (category:base,tabindex:14)
2025-09-10 02:56:04,139 [INFO] PluginManage:283 - PluginManage : Loaded plugins [18]
2025-09-10 02:56:04,318 [INFO] PinOutPanel:1589 - setPackage(No Configuration,No Configuration)
2025-09-10 02:56:04,396 [INFO] CADModel:165 - CPN selected for project level
2025-09-10 02:56:04,396 [INFO] CADModel:114 - Register for checkConnection events
2025-09-10 02:56:04,413 [INFO] IPUIPlugin:80 - create IPUIPlugin
2025-09-10 02:56:04,413 [INFO] PluginManager:220 - loadIPPluginJar : add adc
2025-09-10 02:56:04,416 [INFO] IPUIPlugin:80 - create IPUIPlugin
2025-09-10 02:56:04,416 [INFO] PluginManager:220 - loadIPPluginJar : add aes
2025-09-10 02:56:04,419 [INFO] IPUIPlugin:80 - create IPUIPlugin
2025-09-10 02:56:04,419 [INFO] PluginManager:220 - loadIPPluginJar : add can
2025-09-10 02:56:04,421 [INFO] IPUIPlugin:80 - create IPUIPlugin
2025-09-10 02:56:04,421 [INFO] PluginManager:220 - loadIPPluginJar : add comp
2025-09-10 02:56:04,424 [INFO] IPUIPlugin:80 - create IPUIPlugin
2025-09-10 02:56:04,424 [INFO] PluginManager:220 - loadIPPluginJar : add cryp
2025-09-10 02:56:04,426 [INFO] IPUIPlugin:80 - create IPUIPlugin
2025-09-10 02:56:04,426 [INFO] PluginManager:220 - loadIPPluginJar : add ddr_ctrl_phy
2025-09-10 02:56:04,428 [INFO] IPUIPlugin:80 - create IPUIPlugin
2025-09-10 02:56:04,428 [INFO] PluginManager:220 - loadIPPluginJar : add dfsdm
2025-09-10 02:56:04,436 [INFO] IPUIPlugin:80 - create IPUIPlugin
2025-09-10 02:56:04,436 [INFO] PluginManager:220 - loadIPPluginJar : add dma
2025-09-10 02:56:04,439 [INFO] IPUIPlugin:80 - create IPUIPlugin
2025-09-10 02:56:04,440 [INFO] PluginManager:220 - loadIPPluginJar : add dma3
2025-09-10 02:56:04,443 [INFO] IPUIPlugin:80 - create IPUIPlugin
2025-09-10 02:56:04,443 [INFO] PluginManager:220 - loadIPPluginJar : add extmemmanager
2025-09-10 02:56:04,445 [INFO] IPUIPlugin:80 - create IPUIPlugin
2025-09-10 02:56:04,445 [INFO] PluginManager:220 - loadIPPluginJar : add fatfs
2025-09-10 02:56:04,450 [INFO] IPUIPlugin:80 - create IPUIPlugin
2025-09-10 02:56:04,450 [INFO] PluginManager:220 - loadIPPluginJar : add fmc
2025-09-10 02:56:04,455 [INFO] IPUIPlugin:80 - create IPUIPlugin
2025-09-10 02:56:04,455 [INFO] PluginManager:220 - loadIPPluginJar : add freertos
2025-09-10 02:56:04,457 [INFO] IPUIPlugin:80 - create IPUIPlugin
2025-09-10 02:56:04,457 [INFO] PluginManager:220 - loadIPPluginJar : add genericplugin
2025-09-10 02:56:04,459 [INFO] IPUIPlugin:80 - create IPUIPlugin
2025-09-10 02:56:04,459 [INFO] PluginManager:220 - loadIPPluginJar : add gfxmmu
2025-09-10 02:56:04,463 [INFO] IPUIPlugin:80 - create IPUIPlugin
2025-09-10 02:56:04,463 [INFO] PluginManager:220 - loadIPPluginJar : add gic
2025-09-10 02:56:04,466 [INFO] IPUIPlugin:80 - create IPUIPlugin
2025-09-10 02:56:04,466 [INFO] PluginManager:220 - loadIPPluginJar : add gpio
2025-09-10 02:56:04,471 [INFO] IPUIPlugin:80 - create IPUIPlugin
2025-09-10 02:56:04,471 [INFO] PluginManager:220 - loadIPPluginJar : add gtzc
2025-09-10 02:56:04,473 [INFO] IPUIPlugin:80 - create IPUIPlugin
2025-09-10 02:56:04,473 [INFO] PluginManager:220 - loadIPPluginJar : add hash
2025-09-10 02:56:04,478 [INFO] IPUIPlugin:80 - create IPUIPlugin
2025-09-10 02:56:04,478 [INFO] PluginManager:220 - loadIPPluginJar : add i2c
2025-09-10 02:56:04,480 [INFO] IPUIPlugin:80 - create IPUIPlugin
2025-09-10 02:56:04,480 [INFO] PluginManager:220 - loadIPPluginJar : add i2s
2025-09-10 02:56:04,483 [INFO] IPUIPlugin:80 - create IPUIPlugin
2025-09-10 02:56:04,483 [INFO] PluginManager:220 - loadIPPluginJar : add i3c
2025-09-10 02:56:04,486 [INFO] IPUIPlugin:80 - create IPUIPlugin
2025-09-10 02:56:04,486 [INFO] PluginManager:220 - loadIPPluginJar : add ipddr
2025-09-10 02:56:04,491 [INFO] IPUIPlugin:80 - create IPUIPlugin
2025-09-10 02:56:04,492 [INFO] PluginManager:220 - loadIPPluginJar : add linkedlist
2025-09-10 02:56:04,494 [INFO] IPUIPlugin:80 - create IPUIPlugin
2025-09-10 02:56:04,494 [INFO] PluginManager:220 - loadIPPluginJar : add lorawan
2025-09-10 02:56:04,495 [INFO] IPUIPlugin:80 - create IPUIPlugin
2025-09-10 02:56:04,496 [INFO] PluginManager:220 - loadIPPluginJar : add ltdc
2025-09-10 02:56:04,500 [INFO] IPUIPlugin:80 - create IPUIPlugin
2025-09-10 02:56:04,500 [INFO] PluginManager:220 - loadIPPluginJar : add mdma
2025-09-10 02:56:04,504 [INFO] IPUIPlugin:80 - create IPUIPlugin
2025-09-10 02:56:04,504 [INFO] PluginManager:220 - loadIPPluginJar : add nvic
2025-09-10 02:56:04,509 [INFO] IPUIPlugin:80 - create IPUIPlugin
2025-09-10 02:56:04,509 [INFO] PluginManager:220 - loadIPPluginJar : add opamp
2025-09-10 02:56:04,513 [INFO] IPUIPlugin:80 - create IPUIPlugin
2025-09-10 02:56:04,513 [INFO] PluginManager:220 - loadIPPluginJar : add openamp
2025-09-10 02:56:04,515 [INFO] IPUIPlugin:80 - create IPUIPlugin
2025-09-10 02:56:04,516 [INFO] PluginManager:220 - loadIPPluginJar : add pdm2pcm
2025-09-10 02:56:04,521 [INFO] IPUIPlugin:80 - create IPUIPlugin
2025-09-10 02:56:04,524 [INFO] PluginManager:220 - loadIPPluginJar : add plateformsettings
2025-09-10 02:56:04,525 [INFO] IPUIPlugin:80 - create IPUIPlugin
2025-09-10 02:56:04,525 [INFO] PluginManager:220 - loadIPPluginJar : add quadspi
2025-09-10 02:56:04,527 [INFO] IPUIPlugin:80 - create IPUIPlugin
2025-09-10 02:56:04,528 [INFO] PluginManager:220 - loadIPPluginJar : add radio
2025-09-10 02:56:04,531 [INFO] IPUIPlugin:80 - create IPUIPlugin
2025-09-10 02:56:04,531 [INFO] PluginManager:220 - loadIPPluginJar : add resmgrutility
2025-09-10 02:56:04,534 [INFO] IPUIPlugin:80 - create IPUIPlugin
2025-09-10 02:56:04,534 [INFO] PluginManager:220 - loadIPPluginJar : add sai
2025-09-10 02:56:04,536 [INFO] IPUIPlugin:80 - create IPUIPlugin
2025-09-10 02:56:04,536 [INFO] PluginManager:220 - loadIPPluginJar : add spi
2025-09-10 02:56:04,542 [INFO] IPUIPlugin:80 - create IPUIPlugin
2025-09-10 02:56:04,542 [INFO] PluginManager:220 - loadIPPluginJar : add stm32_wpan
2025-09-10 02:56:04,543 [INFO] IPUIPlugin:80 - create IPUIPlugin
2025-09-10 02:56:04,544 [INFO] PluginManager:220 - loadIPPluginJar : add tim
2025-09-10 02:56:04,547 [INFO] IPUIPlugin:80 - create IPUIPlugin
2025-09-10 02:56:04,547 [INFO] PluginManager:220 - loadIPPluginJar : add touchsensing
2025-09-10 02:56:04,549 [INFO] IPUIPlugin:80 - create IPUIPlugin
2025-09-10 02:56:04,549 [INFO] PluginManager:220 - loadIPPluginJar : add tracer_emb
2025-09-10 02:56:04,551 [INFO] IPUIPlugin:80 - create IPUIPlugin
2025-09-10 02:56:04,551 [INFO] PluginManager:220 - loadIPPluginJar : add ts
2025-09-10 02:56:04,554 [INFO] IPUIPlugin:80 - create IPUIPlugin
2025-09-10 02:56:04,554 [INFO] PluginManager:220 - loadIPPluginJar : add tsc
2025-09-10 02:56:04,556 [INFO] IPUIPlugin:80 - create IPUIPlugin
2025-09-10 02:56:04,556 [INFO] PluginManager:220 - loadIPPluginJar : add ucpd
2025-09-10 02:56:04,558 [INFO] IPUIPlugin:80 - create IPUIPlugin
2025-09-10 02:56:04,558 [INFO] PluginManager:220 - loadIPPluginJar : add usart
2025-09-10 02:56:04,562 [INFO] IPUIPlugin:80 - create IPUIPlugin
2025-09-10 02:56:04,562 [INFO] PluginManager:220 - loadIPPluginJar : add usbx
2025-09-10 02:56:04,682 [FATAL] Updater:351 - Updater called before beeing initialized
2025-09-10 02:56:04,707 [INFO] RulesReader:64 - Compatibility file has been processed (317 Rules)
2025-09-10 02:56:04,716 [INFO] RulesReader:64 - Compatibility file has been processed (317 Rules)
2025-09-10 02:56:04,723 [INFO] CADModel:165 - CPN selected for project level
2025-09-10 02:56:04,724 [INFO] CADModel:114 - Register for checkConnection events
2025-09-10 02:56:04,724 [FATAL] Updater:351 - Updater called before beeing initialized
2025-09-10 02:56:04,724 [ERROR] CADModel:125 - Updater not yet initialized, retry later 
2025-09-10 02:56:04,843 [FATAL] Updater:351 - Updater called before beeing initialized
2025-09-10 02:56:04,844 [INFO] CADModel:165 - CPN selected for project level
2025-09-10 02:56:04,844 [INFO] CADModel:114 - Register for checkConnection events
2025-09-10 02:56:04,844 [FATAL] Updater:351 - Updater called before beeing initialized
2025-09-10 02:56:04,845 [ERROR] CADModel:125 - Updater not yet initialized, retry later 
2025-09-10 02:56:04,847 [FATAL] Updater:351 - Updater called before beeing initialized
2025-09-10 02:56:04,938 [FATAL] Updater:351 - Updater called before beeing initialized
2025-09-10 02:56:04,943 [INFO] DbMcusAds:53 - JSON generation date=Tue Jul 08 17:14:23 KST 2025 (1751962463582)
2025-09-10 02:56:04,943 [FATAL] Updater:351 - Updater called before beeing initialized
2025-09-10 02:56:04,973 [WARN] DetailPanel:346 - Failed to get advertising image, set to default
2025-09-10 02:56:05,057 [FATAL] Updater:351 - Updater called before beeing initialized
2025-09-10 02:56:05,058 [FATAL] Updater:351 - Updater called before beeing initialized
2025-09-10 02:56:05,058 [FATAL] Updater:351 - Updater called before beeing initialized
2025-09-10 02:56:05,058 [WARN] DetailPanel:346 - Failed to get advertising image, set to default
2025-09-10 02:56:05,059 [FATAL] Updater:351 - Updater called before beeing initialized
2025-09-10 02:56:05,097 [ERROR] Updater:1198 - MainUpdater not yet initialized. External WinMGr cannot be set.
2025-09-10 02:56:05,098 [INFO] Updater:1134 - Updater Version found : 6.15.0
2025-09-10 02:56:05,112 [INFO] ApplicationProperties:184 - Using Application install path: C:\ST\STM32CubeIDE_1.17.0\STM32CubeIDE\plugins\com.st.stm32cube.common.mx_6.15.0.202507011659
2025-09-10 02:56:06,685 [ERROR] LogOutputStream:75 - [STDERR_REDIRECT] Sep 10, 2025 2:56:06 AM java.util.prefs.WindowsPreferences <init>
2025-09-10 02:56:06,687 [ERROR] LogOutputStream:75 - [STDERR_REDIRECT] WARNING: Could not open/create prefs root node Software\JavaSoft\Prefs at root 0xffffffff80000002. Windows RegCreateKeyEx(...) returned error code 5.
2025-09-10 02:56:06,687 [ERROR] LogOutputStream:75 - [STDERR_REDIRECT] 
2025-09-10 02:56:06,953 [INFO] ThirdPartyUpdaterWithRetryManager:70 - Updater plugin not ready yet. [2/15]
2025-09-10 02:56:07,084 [INFO] MainUpdater:2872 - connection check result : 10
2025-09-10 02:56:07,084 [INFO] MainUpdater:289 - Updater Check For Update Now.
2025-09-10 02:56:07,084 [INFO] MicroXplorer:498 - Change Database Version : DB.6.0.150
2025-09-10 02:56:07,091 [INFO] McuFinderGlobals:63 - Set McuFinder mode to 2 (CubeIDE integrated)
2025-09-10 02:56:07,091 [INFO] UserAuth:171 - activating auth plugin
2025-09-10 02:56:07,093 [INFO] UserAuth:487 - Internet connection configuration mode: 1
2025-09-10 02:56:07,110 [INFO] JxBrowserEngine:152 - Initiate JxBrowser Engine with user profile folder
2025-09-10 02:56:07,252 [INFO] CheckServerUpdateThread:120 - End of CheckServer Thread
2025-09-10 02:56:07,762 [INFO] WebApp:169 - Instantiating new browser for Auth
2025-09-10 02:56:08,435 [INFO] WebApp:463 - Apply proxy settings
2025-09-10 02:56:08,442 [INFO] WebApp:508 - Chromium authenticates against Manually configured proxy
2025-09-10 02:56:08,448 [INFO] WebApp:516 - Username used for proxy authentication: 
2025-09-10 02:56:08,469 [INFO] WebApp:900 - Register for checkConnection events
2025-09-10 02:56:08,469 [INFO] WebApp:463 - Apply proxy settings
2025-09-10 02:56:08,474 [INFO] WebApp:508 - Chromium authenticates against Manually configured proxy
2025-09-10 02:56:08,475 [INFO] WebApp:516 - Username used for proxy authentication: 
2025-09-10 02:56:08,600 [INFO] WebApp:225 - Starting web application
2025-09-10 02:56:08,600 [INFO] WebApp:593 - Web application path used C:\ST\STM32CubeIDE_1.17.0\STM32CubeIDE\plugins\com.st.stm32cube.common.mx_6.15.0.202507011659\db\plugins\mcufinder\reactClient1\index.html
2025-09-10 02:56:08,964 [INFO] WebApp:191 - Connection restablished
2025-09-10 02:56:10,193 [WARN] PackLoader:240 - Cannot read IP mode file for STMicroelectronics.FP-SNS-MOTENVWB1.1.4.0
2025-09-10 02:56:10,200 [WARN] PackLoader:240 - Cannot read IP mode file for STMicroelectronics.FP-ATR-ASTRA1.2.0.2
2025-09-10 02:56:10,205 [WARN] PackLoader:240 - Cannot read IP mode file for STMicroelectronics.FP-ATR-ASTRA1.2.0.1
2025-09-10 02:56:10,220 [WARN] PackLoader:240 - Cannot read IP mode file for STMicroelectronics.X-CUBE-SMBUS.2.1.0
2025-09-10 02:56:10,229 [WARN] PackLoader:240 - Cannot read IP mode file for STMicroelectronics.X-CUBE-WB05N.1.1.0
2025-09-10 02:56:10,237 [WARN] PackLoader:240 - Cannot read IP mode file for STMicroelectronics.X-CUBE-ST60.1.0.0
2025-09-10 02:56:10,270 [WARN] PackLoader:240 - Cannot read IP mode file for STMicroelectronics.X-CUBE-AZRTOS-F7.1.1.0
2025-09-10 02:56:10,281 [WARN] PackLoader:240 - Cannot read IP mode file for STMicroelectronics.FP-SNS-FLIGHT1.5.0.2
2025-09-10 02:56:10,312 [WARN] PackLoader:240 - Cannot read IP mode file for Infineon.AIROC-Wi-Fi-Bluetooth-STM32.1.7.0
2025-09-10 02:56:10,357 [WARN] PackLoader:240 - Cannot read IP mode file for STMicroelectronics.X-CUBE-AZRTOS-H7.3.4.0
2025-09-10 02:56:10,371 [WARN] PackLoader:240 - Cannot read IP mode file for STMicroelectronics.X-CUBE-DISPLAY.3.0.0
2025-09-10 02:56:10,384 [WARN] PackLoader:240 - Cannot read IP mode file for STMicroelectronics.X-CUBE-BLE1.7.0.0
2025-09-10 02:56:10,392 [WARN] PackLoader:240 - Cannot read IP mode file for STMicroelectronics.X-CUBE-NFC10.1.0.0
2025-09-10 02:56:10,407 [WARN] PackLoader:240 - Cannot read IP mode file for STMicroelectronics.X-CUBE-BLEMGR.4.0.0
2025-09-10 02:56:10,420 [WARN] PackLoader:240 - Cannot read IP mode file for emotas.I-CUBE-CANOPEN.1.3.0
2025-09-10 02:56:10,426 [WARN] PackLoader:240 - Cannot read IP mode file for STMicroelectronics.X-CUBE-AI.10.0.0
2025-09-10 02:56:10,467 [WARN] PackLoader:240 - Cannot read IP mode file for STMicroelectronics.FP-SNS-STBOX1.2.1.0
2025-09-10 02:56:10,478 [WARN] PackLoader:240 - Cannot read IP mode file for STMicroelectronics.FP-SNS-SMARTAG2.1.2.0
2025-09-10 02:56:10,482 [WARN] PackLoader:240 - Cannot read IP mode file for STMicroelectronics.FP-SNS-FLIGHT1.5.1.0
2025-09-10 02:56:10,536 [WARN] PackLoader:240 - Cannot read IP mode file for STMicroelectronics.X-CUBE-MEMS1.11.1.0
2025-09-10 02:56:10,711 [INFO] LogOutputStream:77 - [STDOUT_REDIRECT] 1 : Invalid condition id : UX_CORESTACK_Condition cause : null
2025-09-10 02:56:10,712 [INFO] LogOutputStream:77 - [STDOUT_REDIRECT] 1 : Invalid condition id : UX_CORESTACK_Condition cause : null
2025-09-10 02:56:10,712 [INFO] LogOutputStream:77 - [STDOUT_REDIRECT] 1 : Invalid condition id : UX_CORESTACK_Condition cause : null
2025-09-10 02:56:10,713 [INFO] LogOutputStream:77 - [STDOUT_REDIRECT] 1 : Invalid condition id : UX_CORESTACK_Condition cause : null
2025-09-10 02:56:10,714 [INFO] LogOutputStream:77 - [STDOUT_REDIRECT] 1 : Invalid condition id : UX_CORESTACK_Condition cause : null
2025-09-10 02:56:10,716 [WARN] PackLoader:240 - Cannot read IP mode file for STMicroelectronics.X-CUBE-AZRTOS-WL.2.0.0
2025-09-10 02:56:10,722 [WARN] PackLoader:240 - Cannot read IP mode file for STMicroelectronics.FP-SNS-MOTENV1.5.0.0
2025-09-10 02:56:10,729 [WARN] PackLoader:240 - Cannot read IP mode file for wolfSSL.I-CUBE-wolfMQTT.1.19.0
2025-09-10 02:56:10,736 [WARN] PackLoader:240 - Cannot read IP mode file for WES.I-CUBE-Cesium.1.3.0
2025-09-10 02:56:10,744 [WARN] PackLoader:240 - Cannot read IP mode file for STMicroelectronics.X-CUBE-BLE2.3.3.0
2025-09-10 02:56:10,751 [WARN] PackLoader:240 - Cannot read IP mode file for STMicroelectronics.X-CUBE-NFC9.1.0.0
2025-09-10 02:56:10,757 [WARN] PackLoader:240 - Cannot read IP mode file for STMicroelectronics.X-CUBE-BLE1.7.1.0
2025-09-10 02:56:10,763 [WARN] PackLoader:240 - Cannot read IP mode file for STMicroelectronics.X-CUBE-EEPRMA1.5.2.0
2025-09-10 02:56:10,768 [WARN] PackLoader:240 - Cannot read IP mode file for STMicroelectronics.X-CUBE-AI.10.1.0
2025-09-10 02:56:10,809 [WARN] PackLoader:240 - Cannot read IP mode file for STMicroelectronics.X-CUBE-MEMS1.11.2.0
2025-09-10 02:56:10,916 [WARN] PackLoader:240 - Cannot read IP mode file for STMicroelectronics.X-CUBE-AZRTOS-G0.1.1.0
2025-09-10 02:56:10,925 [WARN] PackLoader:240 - Cannot read IP mode file for STMicroelectronics.X-CUBE-SAFEA1.1.2.2
2025-09-10 02:56:10,930 [WARN] PackLoader:240 - Cannot read IP mode file for STMicroelectronics.X-CUBE-NFC4.3.0.0
2025-09-10 02:56:10,941 [WARN] PackLoader:240 - Cannot read IP mode file for EmbeddedOffice.I-CUBE-FS-RTOS.1.0.1
2025-09-10 02:56:10,947 [WARN] PackLoader:240 - Cannot read IP mode file for STMicroelectronics.X-CUBE-WB05N.2.0.0
2025-09-10 02:56:10,952 [WARN] PackLoader:240 - Cannot read IP mode file for STMicroelectronics.X-CUBE-TCPP.4.2.0
2025-09-10 02:56:10,961 [WARN] PackLoader:240 - Cannot read IP mode file for RealThread.X-CUBE-RT-Thread_Nano.4.1.1
2025-09-10 02:56:10,965 [WARN] PackLoader:240 - Cannot read IP mode file for STMicroelectronics.FP-ATR-SIGFOX1.3.2.0
2025-09-10 02:56:10,972 [WARN] ConditionMgr:438 - getConditionDescription Invalid condition id : Cortex-A Device cause : null
2025-09-10 02:56:10,985 [WARN] ConditionMgr:1044 - genDependencies : Invalid condition id : Cortex-A Device cause : null
2025-09-10 02:56:10,986 [WARN] ConditionMgr:1044 - genDependencies : Invalid condition id : Cortex-A Device cause : null
2025-09-10 02:56:10,986 [WARN] ConditionMgr:1044 - genDependencies : Invalid condition id : Cortex-A Device cause : null
2025-09-10 02:56:10,990 [WARN] PackLoader:240 - Cannot read IP mode file for STMicroelectronics.X-CUBE-EEPRMA1.5.1.0
2025-09-10 02:56:10,996 [WARN] PackLoader:240 - Cannot read IP mode file for wolfSSL.I-CUBE-wolfSSL.5.7.4
2025-09-10 02:56:11,008 [WARN] PackLoader:240 - Cannot read IP mode file for ITTIA_DB.I-CUBE-ITTIADB.8.9.0
2025-09-10 02:56:11,017 [WARN] PackLoader:240 - Cannot read IP mode file for STMicroelectronics.X-CUBE-ST67W61.1.0.0
2025-09-10 02:56:11,022 [WARN] PackLoader:240 - Cannot read IP mode file for STMicroelectronics.X-CUBE-AI.10.2.0
2025-09-10 02:56:11,055 [WARN] PackLoader:240 - Cannot read IP mode file for SEGGER.I-CUBE-embOS.1.3.1
2025-09-10 02:56:11,132 [WARN] PackLoader:240 - Cannot read IP mode file for STMicroelectronics.X-CUBE-ALGOBUILD.1.4.0
2025-09-10 02:56:11,181 [WARN] PackLoader:240 - Cannot read IP mode file for STMicroelectronics.X-CUBE-MEMS1.11.3.0
2025-09-10 02:56:11,269 [WARN] PackLoader:240 - Cannot read IP mode file for STMicroelectronics.X-CUBE-AI.9.1.0
2025-09-10 02:56:11,277 [WARN] PackLoader:240 - Cannot read IP mode file for STMicroelectronics.X-CUBE-PM33A1.1.0.0
2025-09-10 02:56:11,288 [WARN] PackLoader:240 - Cannot read IP mode file for STMicroelectronics.X-CUBE-AZRTOS-F4.1.1.0
2025-09-10 02:56:11,295 [WARN] PackLoader:240 - Cannot read IP mode file for Avnet-IotConnect.X-CUBE-IoTC-DA16k-PMOD.1.0.0
2025-09-10 02:56:11,299 [WARN] PackLoader:240 - Cannot read IP mode file for STMicroelectronics.X-CUBE-ISPU.2.1.0
2025-09-10 02:56:11,303 [WARN] PackLoader:240 - Cannot read IP mode file for STMicroelectronics.X-CUBE-NFC12.1.0.0
2025-09-10 02:56:11,319 [WARN] PackLoader:240 - Cannot read IP mode file for STMicroelectronics.X-CUBE-AZRTOS-L5.2.0.0
2025-09-10 02:56:11,327 [WARN] PackLoader:240 - Cannot read IP mode file for STMicroelectronics.X-CUBE-NFC6.3.1.0
2025-09-10 02:56:11,333 [WARN] PackLoader:240 - Cannot read IP mode file for STMicroelectronics.X-CUBE-DPower.1.2.0
2025-09-10 02:56:11,340 [WARN] PackLoader:240 - Cannot read IP mode file for STMicroelectronics.X-CUBE-FREERTOS.1.3.1
2025-09-10 02:56:11,344 [WARN] PackLoader:240 - Cannot read IP mode file for STMicroelectronics.X-CUBE-FREERTOS.1.3.0
2025-09-10 02:56:11,350 [WARN] PackLoader:240 - Cannot read IP mode file for STMicroelectronics.X-CUBE-NFC7.1.0.1
2025-09-10 02:56:11,357 [WARN] PackLoader:240 - Cannot read IP mode file for STMicroelectronics.FP-SNS-STAIOTCFT.1.0.0
2025-09-10 02:56:11,361 [WARN] PackLoader:240 - Cannot read IP mode file for STMicroelectronics.X-CUBE-DPower.1.3.0
2025-09-10 02:56:11,373 [WARN] ConditionMgr:438 - getConditionDescription Invalid condition id : LAN8742 Phy interface Condition cause : null
2025-09-10 02:56:11,374 [WARN] PackLoader:240 - Cannot read IP mode file for STMicroelectronics.X-CUBE-AZRTOS-L4.2.0.0
2025-09-10 02:56:11,374 [WARN] ConditionMgr:1044 - genDependencies : Invalid condition id : LAN8742 Phy interface Condition cause : null
2025-09-10 02:56:11,374 [WARN] ConditionMgr:1044 - genDependencies : Invalid condition id : LAN8742 Phy interface Condition cause : null
2025-09-10 02:56:11,374 [WARN] ConditionMgr:1044 - genDependencies : Invalid condition id : LAN8742 Phy interface Condition cause : null
2025-09-10 02:56:11,381 [WARN] PackLoader:240 - Cannot read IP mode file for STMicroelectronics.X-CUBE-SFXS2LP1.4.0.0
2025-09-10 02:56:11,394 [WARN] PackLoader:240 - Cannot read IP mode file for STMicroelectronics.X-CUBE-AZRTOS-H7.3.3.0
2025-09-10 02:56:11,408 [WARN] PackLoader:240 - Cannot read IP mode file for STMicroelectronics.X-CUBE-BLEMGR.4.1.0
2025-09-10 02:56:11,424 [WARN] ConditionMgr:438 - getConditionDescription Invalid condition id : UX DEVICE CLASS RTOS Condition cause : null
2025-09-10 02:56:11,424 [WARN] ConditionMgr:438 - getConditionDescription Invalid condition id : UX DEVICE CLASS RTOS Condition cause : null
2025-09-10 02:56:11,426 [WARN] PackLoader:240 - Cannot read IP mode file for STMicroelectronics.X-CUBE-AZRTOS-WB.2.0.0
2025-09-10 02:56:11,426 [WARN] ConditionMgr:1044 - genDependencies : Invalid condition id : UX DEVICE CLASS RTOS Condition cause : null
2025-09-10 02:56:11,427 [WARN] ConditionMgr:1044 - genDependencies : Invalid condition id : UX DEVICE CLASS RTOS Condition cause : null
2025-09-10 02:56:11,427 [WARN] ConditionMgr:1044 - genDependencies : Invalid condition id : UX DEVICE CLASS RTOS Condition cause : null
2025-09-10 02:56:11,427 [WARN] ConditionMgr:1044 - genDependencies : Invalid condition id : UX DEVICE CLASS RTOS Condition cause : null
2025-09-10 02:56:11,427 [WARN] ConditionMgr:1044 - genDependencies : Invalid condition id : UX DEVICE CLASS RTOS Condition cause : null
2025-09-10 02:56:11,434 [WARN] PackLoader:240 - Cannot read IP mode file for STMicroelectronics.X-CUBE-GNSS1.7.0.1
2025-09-10 02:56:11,440 [WARN] PackLoader:240 - Cannot read IP mode file for STMicroelectronics.X-CUBE-TOUCHGFX.4.25.0
2025-09-10 02:56:11,443 [WARN] PackLoader:240 - Cannot read IP mode file for STMicroelectronics.FP-SNS-STBOX1.2.0.0
2025-09-10 02:56:11,453 [WARN] PackLoader:240 - Cannot read IP mode file for STMicroelectronics.X-CUBE-SUBG2.5.0.0
2025-09-10 02:56:11,469 [WARN] PackLoader:240 - Cannot read IP mode file for STMicroelectronics.X-CUBE-AZRTOS-H7RS.1.1.0
2025-09-10 02:56:11,477 [WARN] PackLoader:240 - Cannot read IP mode file for Cesanta.I-CUBE-Mongoose.7.13.0
2025-09-10 02:56:11,487 [WARN] PackLoader:240 - Cannot read IP mode file for STMicroelectronics.X-CUBE-AZRTOS-G4.2.0.0
2025-09-10 02:56:11,492 [WARN] PackLoader:240 - Cannot read IP mode file for STMicroelectronics.X-CUBE-NFC7.2.0.0
2025-09-10 02:56:11,500 [WARN] PackLoader:240 - Cannot read IP mode file for STMicroelectronics.X-CUBE-IPS.3.1.0
2025-09-10 02:56:11,506 [WARN] PackLoader:240 - Cannot read IP mode file for STMicroelectronics.X-CUBE-ALS.1.0.2
2025-09-10 02:56:11,510 [WARN] PackLoader:240 - Cannot read IP mode file for STMicroelectronics.X-CUBE-TOUCHGFX.4.24.2
2025-09-10 02:56:11,516 [WARN] PackLoader:240 - Cannot read IP mode file for STMicroelectronics.X-CUBE-STSE01.1.0.0
2025-09-10 02:56:11,521 [WARN] PackLoader:240 - Cannot read IP mode file for wolfSSL.I-CUBE-wolfTPM.3.4.0
2025-09-10 02:56:11,527 [WARN] PackLoader:240 - Cannot read IP mode file for portGmbH.I-Cube-SoM-uGOAL.1.1.0
2025-09-10 02:56:11,537 [WARN] PackLoader:240 - Cannot read IP mode file for STMicroelectronics.X-CUBE-AZRTOS-H7RS.1.0.0
2025-09-10 02:56:11,547 [WARN] PackLoader:240 - Cannot read IP mode file for STMicroelectronics.X-CUBE-TOF1.3.4.2
2025-09-10 02:56:11,561 [WARN] PackLoader:240 - Cannot read IP mode file for STMicroelectronics.X-CUBE-TOF1.3.4.3
2025-09-10 02:56:11,572 [WARN] PackLoader:240 - Cannot read IP mode file for wolfSSL.I-CUBE-wolfSSH.1.4.17
2025-09-10 02:56:11,574 [INFO] ThirdParty:978 - Integrity check success = true
2025-09-10 02:56:11,574 [INFO] IntegrityCheckThread:100 - exiting critical section [integrity check]
2025-09-10 02:56:11,574 [INFO] IntegrityCheckThread:103 - End integrity checks thread
2025-09-10 02:58:35,069 [ERROR] LogOutputStream:75 - [STDERR_REDIRECT] 
2025-09-10 02:58:35,070 [ERROR] LogOutputStream:75 - [STDERR_REDIRECT] 
